<?xml version="1.0" encoding="utf-8"?><testsuites name="pytest tests"><testsuite name="pytest" errors="0" failures="0" skipped="0" tests="18" time="3.837" timestamp="2026-06-14T19:21:54.216583+00:00" hostname="agent-env-b4a9d61b-7f22-4217-b605-23062c2ecbbf"><testcase classname="backend.tests.backend_test.TestAuth" name="test_login_success" time="0.198" /><testcase classname="backend.tests.backend_test.TestAuth" name="test_login_invalid" time="0.153" /><testcase classname="backend.tests.backend_test.TestAuth" name="test_me_without_token" time="0.157" /><testcase classname="backend.tests.backend_test.TestAuth" name="test_me_with_token" time="0.223" /><testcase classname="backend.tests.backend_test.TestAgents" name="test_list_agents_unauth" time="0.134" /><testcase classname="backend.tests.backend_test.TestAgents" name="test_list_agents" time="0.131" /><testcase classname="backend.tests.backend_test.TestAgents" name="test_agent_logs" time="0.099" /><testcase classname="backend.tests.backend_test.TestAgents" name="test_agent_message" time="0.115" /><testcase classname="backend.tests.backend_test.TestAgents" name="test_agent_kill_sets_idle" time="0.478" /><testcase classname="backend.tests.backend_test.TestAgents" name="test_agent_spawn" time="0.100" /><testcase classname="backend.tests.backend_test.TestTasks" name="test_list_tasks" time="0.108" /><testcase classname="backend.tests.backend_test.TestTasks" name="test_create_get_delete_task" time="0.465" /><testcase classname="backend.tests.backend_test.TestMetrics" name="test_metrics_summary" time="0.108" /><testcase classname="backend.tests.backend_test.TestMetrics" name="test_metrics_tokens_week" time="0.095" /><testcase classname="backend.tests.backend_test.TestMetrics" name="test_metrics_tokens_month" time="0.097" /><testcase classname="backend.tests.backend_test.TestMetrics" name="test_metrics_cost" time="0.116" /><testcase classname="backend.tests.backend_test.TestMetrics" name="test_metrics_latency" time="0.110" /><testcase classname="backend.tests.backend_test.TestWebSocket" name="test_ws_connect_and_snapshot" time="0.776" /></testsuite></testsuites>